0 info it worked if it ends with ok
1 verbose cli [ 'node', '/usr/local/bin/npm', 'install', 'postgres-wrapper' ]
2 info using npm@1.2.10
3 info using node@v0.8.19
4 verbose read json /Users/elayman/Documents/CS169/Geddy-Proj1/proj1/package.json
5 warn package.json 169Proj1@0.0.1 No README.md file found!
6 verbose read json /Users/elayman/Documents/CS169/Geddy-Proj1/proj1/node_modules/geddy/package.json
7 verbose read json /Users/elayman/Documents/CS169/Geddy-Proj1/proj1/node_modules/jake/package.json
8 verbose read json /Users/elayman/Documents/CS169/Geddy-Proj1/proj1/node_modules/node/package.json
9 verbose read json /Users/elayman/Documents/CS169/Geddy-Proj1/proj1/node_modules/pg/package.json
10 verbose from cache /Users/elayman/Documents/CS169/Geddy-Proj1/proj1/package.json
11 verbose readDependencies using package.json deps
12 verbose cache add [ 'postgres-wrapper', null ]
13 verbose cache add name=undefined spec="postgres-wrapper" args=["postgres-wrapper",null]
14 verbose parsed url { pathname: 'postgres-wrapper',
14 verbose parsed url   path: 'postgres-wrapper',
14 verbose parsed url   href: 'postgres-wrapper' }
15 silly lockFile 5b08d4b7-postgres-wrapper postgres-wrapper
16 verbose lock postgres-wrapper /Users/elayman/.npm/5b08d4b7-postgres-wrapper.lock
17 silly lockFile 5b08d4b7-postgres-wrapper postgres-wrapper
18 silly lockFile 5b08d4b7-postgres-wrapper postgres-wrapper
19 verbose addNamed [ 'postgres-wrapper', '' ]
20 verbose addNamed [ null, '' ]
21 silly lockFile 070688a6-postgres-wrapper postgres-wrapper@
22 verbose lock postgres-wrapper@ /Users/elayman/.npm/070688a6-postgres-wrapper.lock
23 silly addNameRange { name: 'postgres-wrapper', range: '', hasData: false }
24 verbose url raw postgres-wrapper
25 verbose url resolving [ 'https://registry.npmjs.org/', './postgres-wrapper' ]
26 verbose url resolved https://registry.npmjs.org/postgres-wrapper
27 info trying registry request attempt 1 at 21:51:27
28 http GET https://registry.npmjs.org/postgres-wrapper
29 http 404 https://registry.npmjs.org/postgres-wrapper
30 silly registry.get cb [ 404,
30 silly registry.get   { server: 'CouchDB/1.2.1 (Erlang OTP/R15B)',
30 silly registry.get     date: 'Mon, 11 Feb 2013 05:49:06 GMT',
30 silly registry.get     'content-type': 'application/json',
30 silly registry.get     'content-length': '52',
30 silly registry.get     'cache-control': 'must-revalidate' } ]
31 silly lockFile 070688a6-postgres-wrapper postgres-wrapper@
32 silly lockFile 070688a6-postgres-wrapper postgres-wrapper@
33 error 404 'postgres-wrapper' is not in the npm registry.
33 error 404 You should bug the author to publish it
33 error 404
33 error 404 Note that you can also install from a
33 error 404 tarball, folder, or http url, or git url.
34 error System Darwin 11.4.2
35 error command "node" "/usr/local/bin/npm" "install" "postgres-wrapper"
36 error cwd /Users/elayman/Documents/CS169/Geddy-Proj1/proj1
37 error node -v v0.8.19
38 error npm -v 1.2.10
39 error code E404
40 verbose exit [ 1, true ]
