[Fri, 15 Feb 2013 22:22:15 GMT] INFO Server starting with config: {
  "environment": "development",
  "workers": 1,
  "port": 4000,
  "spdy": null,
  "ssl": null,
  "debug": true,
  "rotateWorkers": false,
  "rotationWindow": 7200000,
  "rotationTimeout": 300000,
  "logDir": "/Users/elayman/Documents/CS169/Geddy-Proj1/proj1/log",
  "gracefulShutdownTimeout": 30000,
  "heartbeatInterval": 5000,
  "heartbeatWindow": 20000,
  "staticFilePath": "/Users/elayman/Documents/CS169/Geddy-Proj1/proj1/public",
  "sessions": {
    "store": "memory",
    "key": "sid",
    "expiry": 1209600
  },
  "cookieSessionKey": "sdata",
  "metrics": null,
  "i18n": {
    "defaultLocale": "en-us",
    "loadPaths": [
      "/Users/elayman/Documents/CS169/Geddy-Proj1/proj1/config/locales"
    ]
  },
  "hostname": "localhost",
  "fullHostname": "http://localhost:4000",
  "connectCompatibility": false,
  "detailedErrors": true,
  "model": {
    "defaultAdapter": "memory"
  },
  "secret": "S98Nr8sp7kMRzOqvFyfKsU4WyEvamFdC6zJ4EH2av4dD4r1XQ9msH6SFEjYOUHBjl6DkUZLAcwBX5Au7OeM76PoUw6HJXXODWHtb11QPrU3RhwOoauXHo385FtecbHAu"
}
[Fri, 15 Feb 2013 22:22:15 GMT] INFO Creating 1 worker process.
[Fri, 15 Feb 2013 22:22:15 GMT] INFO Server worker running in development on port 4000 with a PID of: 65801
[Fri, 15 Feb 2013 22:22:15 GMT] DEBUG LOGGING STARTED ============================================
[Fri, 15 Feb 2013 22:22:15 GMT] DEBUG ============================================================
[Fri, 15 Feb 2013 22:22:50 GMT] INFO Code changed, killing 65801, cycling ...
[Fri, 15 Feb 2013 22:22:50 GMT] INFO Creating 1 worker process.
[Fri, 15 Feb 2013 22:22:50 GMT] INFO Server worker running in development on port 4000 with a PID of: 65804
[Fri, 15 Feb 2013 22:22:50 GMT] DEBUG LOGGING STARTED ============================================
[Fri, 15 Feb 2013 22:22:50 GMT] DEBUG ============================================================
[Fri, 15 Feb 2013 22:30:06 GMT] INFO Code changed, killing 65804, cycling ...
[Fri, 15 Feb 2013 22:30:06 GMT] INFO Creating 1 worker process.
[Fri, 15 Feb 2013 22:30:06 GMT] INFO Server worker running in development on port 4000 with a PID of: 65846
[Fri, 15 Feb 2013 22:30:06 GMT] DEBUG LOGGING STARTED ============================================
[Fri, 15 Feb 2013 22:30:06 GMT] DEBUG ============================================================
[Fri, 15 Feb 2013 22:31:21 GMT] INFO Code changed, killing 65846, cycling ...
[Fri, 15 Feb 2013 22:31:21 GMT] INFO Creating 1 worker process.
[Fri, 15 Feb 2013 22:31:21 GMT] INFO Server worker running in development on port 4000 with a PID of: 65850
[Fri, 15 Feb 2013 22:31:21 GMT] DEBUG LOGGING STARTED ============================================
[Fri, 15 Feb 2013 22:31:21 GMT] DEBUG ============================================================
[Mon, 18 Feb 2013 22:11:04 GMT] INFO Code changed, killing 65850, cycling ...
[Mon, 18 Feb 2013 22:11:04 GMT] INFO Creating 1 worker process.
[Mon, 18 Feb 2013 22:11:04 GMT] INFO Server worker running in development on port 4000 with a PID of: 68002
[Mon, 18 Feb 2013 22:11:04 GMT] DEBUG LOGGING STARTED ============================================
[Mon, 18 Feb 2013 22:11:04 GMT] DEBUG ============================================================
[Mon, 18 Feb 2013 22:11:09 GMT] INFO Code changed, killing 68002, cycling ...
[Mon, 18 Feb 2013 22:11:09 GMT] INFO Creating 1 worker process.
[Mon, 18 Feb 2013 22:11:09 GMT] INFO Server worker running in development on port 4000 with a PID of: 68004
[Mon, 18 Feb 2013 22:11:09 GMT] DEBUG LOGGING STARTED ============================================
[Mon, 18 Feb 2013 22:11:09 GMT] DEBUG ============================================================
[Mon, 18 Feb 2013 22:11:34 GMT] INFO Code changed, killing 68004, cycling ...
[Mon, 18 Feb 2013 22:11:34 GMT] INFO Creating 1 worker process.
[Mon, 18 Feb 2013 22:11:34 GMT] INFO Server worker running in development on port 4000 with a PID of: 68009
[Mon, 18 Feb 2013 22:11:34 GMT] DEBUG LOGGING STARTED ============================================
[Mon, 18 Feb 2013 22:11:34 GMT] DEBUG ============================================================
[Mon, 18 Feb 2013 22:11:49 GMT] INFO Code changed, killing 68009, cycling ...
[Mon, 18 Feb 2013 22:11:49 GMT] INFO Creating 1 worker process.
[Mon, 18 Feb 2013 22:11:49 GMT] INFO Server worker running in development on port 4000 with a PID of: 68012
[Mon, 18 Feb 2013 22:11:49 GMT] DEBUG LOGGING STARTED ============================================
[Mon, 18 Feb 2013 22:11:49 GMT] DEBUG ============================================================
