[Tue, 19 Feb 2013 01:39:03 GMT] INFO Server starting with config: {
  "environment": "development",
  "workers": 1,
  "port": 4000,
  "spdy": null,
  "ssl": null,
  "debug": true,
  "rotateWorkers": false,
  "rotationWindow": 7200000,
  "rotationTimeout": 300000,
  "logDir": "/Users/elayman/Documents/CS169/Geddy-Proj1/proj1/log",
  "gracefulShutdownTimeout": 30000,
  "heartbeatInterval": 5000,
  "heartbeatWindow": 20000,
  "staticFilePath": "/Users/elayman/Documents/CS169/Geddy-Proj1/proj1/public",
  "sessions": {
    "store": "memory",
    "key": "sid",
    "expiry": 1209600
  },
  "cookieSessionKey": "sdata",
  "metrics": null,
  "i18n": {
    "defaultLocale": "en-us",
    "loadPaths": [
      "/Users/elayman/Documents/CS169/Geddy-Proj1/proj1/config/locales"
    ]
  },
  "hostname": "localhost",
  "fullHostname": "http://localhost:4000",
  "connectCompatibility": false,
  "detailedErrors": true,
  "model": {
    "defaultAdapter": "memory"
  },
  "secret": "S98Nr8sp7kMRzOqvFyfKsU4WyEvamFdC6zJ4EH2av4dD4r1XQ9msH6SFEjYOUHBjl6DkUZLAcwBX5Au7OeM76PoUw6HJXXODWHtb11QPrU3RhwOoauXHo385FtecbHAu"
}
[Tue, 19 Feb 2013 01:39:03 GMT] INFO Creating 1 worker process.
[Tue, 19 Feb 2013 01:39:03 GMT] INFO Server worker running in development on port 4000 with a PID of: 68916
[Tue, 19 Feb 2013 01:39:03 GMT] DEBUG LOGGING STARTED ============================================
[Tue, 19 Feb 2013 01:39:03 GMT] DEBUG ============================================================
[Tue, 19 Feb 2013 01:44:28 GMT] INFO Code changed, killing 68916, cycling ...
[Tue, 19 Feb 2013 01:44:28 GMT] INFO Creating 1 worker process.
[Tue, 19 Feb 2013 01:44:28 GMT] INFO Server worker running in development on port 4000 with a PID of: 69047
[Tue, 19 Feb 2013 01:44:28 GMT] DEBUG LOGGING STARTED ============================================
[Tue, 19 Feb 2013 01:44:28 GMT] DEBUG ============================================================
[Tue, 19 Feb 2013 01:44:33 GMT] INFO Code changed, killing 69047, cycling ...
[Tue, 19 Feb 2013 01:44:33 GMT] INFO Creating 1 worker process.
[Tue, 19 Feb 2013 01:44:33 GMT] INFO Server worker running in development on port 4000 with a PID of: 69050
[Tue, 19 Feb 2013 01:44:33 GMT] DEBUG LOGGING STARTED ============================================
[Tue, 19 Feb 2013 01:44:33 GMT] DEBUG ============================================================
[Tue, 19 Feb 2013 01:44:48 GMT] INFO Code changed, killing 69050, cycling ...
[Tue, 19 Feb 2013 01:44:48 GMT] INFO Creating 1 worker process.
[Tue, 19 Feb 2013 01:44:48 GMT] INFO Server worker running in development on port 4000 with a PID of: 69055
[Tue, 19 Feb 2013 01:44:48 GMT] DEBUG LOGGING STARTED ============================================
[Tue, 19 Feb 2013 01:44:48 GMT] DEBUG ============================================================
[Tue, 19 Feb 2013 01:45:28 GMT] INFO Code changed, killing 69055, cycling ...
[Tue, 19 Feb 2013 01:45:28 GMT] INFO Creating 1 worker process.
[Tue, 19 Feb 2013 01:45:28 GMT] INFO Server worker running in development on port 4000 with a PID of: 69066
[Tue, 19 Feb 2013 01:45:28 GMT] DEBUG LOGGING STARTED ============================================
[Tue, 19 Feb 2013 01:45:28 GMT] DEBUG ============================================================
[Tue, 19 Feb 2013 01:45:48 GMT] INFO Code changed, killing 69066, cycling ...
[Tue, 19 Feb 2013 01:45:48 GMT] INFO Creating 1 worker process.
[Tue, 19 Feb 2013 01:45:48 GMT] INFO Server worker running in development on port 4000 with a PID of: 69069
[Tue, 19 Feb 2013 01:45:48 GMT] DEBUG LOGGING STARTED ============================================
[Tue, 19 Feb 2013 01:45:48 GMT] DEBUG ============================================================
[Tue, 19 Feb 2013 01:46:18 GMT] INFO Code changed, killing 69069, cycling ...
[Tue, 19 Feb 2013 01:46:18 GMT] INFO Creating 1 worker process.
[Tue, 19 Feb 2013 01:46:18 GMT] INFO Server worker running in development on port 4000 with a PID of: 69072
[Tue, 19 Feb 2013 01:46:18 GMT] DEBUG LOGGING STARTED ============================================
[Tue, 19 Feb 2013 01:46:18 GMT] DEBUG ============================================================
[Tue, 19 Feb 2013 01:46:23 GMT] INFO Code changed, killing 69072, cycling ...
[Tue, 19 Feb 2013 01:46:23 GMT] INFO Creating 1 worker process.
[Tue, 19 Feb 2013 01:46:23 GMT] INFO Server worker running in development on port 4000 with a PID of: 69075
[Tue, 19 Feb 2013 01:46:23 GMT] DEBUG LOGGING STARTED ============================================
[Tue, 19 Feb 2013 01:46:23 GMT] DEBUG ============================================================
[Tue, 19 Feb 2013 01:48:03 GMT] INFO Code changed, killing 69075, cycling ...
[Tue, 19 Feb 2013 01:48:03 GMT] INFO Creating 1 worker process.
[Tue, 19 Feb 2013 01:48:04 GMT] INFO Server worker running in development on port 4000 with a PID of: 69083
[Tue, 19 Feb 2013 01:48:04 GMT] DEBUG LOGGING STARTED ============================================
[Tue, 19 Feb 2013 01:48:04 GMT] DEBUG ============================================================
