[Mon, 11 Feb 2013 03:02:41 GMT] INFO Server starting with config: {
  "environment": "development",
  "workers": 1,
  "port": 4000,
  "spdy": null,
  "ssl": null,
  "debug": true,
  "rotateWorkers": false,
  "rotationWindow": 7200000,
  "rotationTimeout": 300000,
  "logDir": "/Users/elayman/Documents/CS169/Geddy-Proj1/proj1/log",
  "gracefulShutdownTimeout": 30000,
  "heartbeatInterval": 5000,
  "heartbeatWindow": 20000,
  "staticFilePath": "/Users/elayman/Documents/CS169/Geddy-Proj1/proj1/public",
  "sessions": {
    "store": "memory",
    "key": "sid",
    "expiry": 1209600
  },
  "cookieSessionKey": "sdata",
  "metrics": null,
  "i18n": {
    "defaultLocale": "en-us",
    "loadPaths": [
      "/Users/elayman/Documents/CS169/Geddy-Proj1/proj1/config/locales"
    ]
  },
  "hostname": "localhost",
  "fullHostname": "http://localhost:4000",
  "connectCompatibility": false,
  "detailedErrors": true,
  "model": {
    "defaultAdapter": "postgres"
  },
  "db": {
    "postgres": {
      "dbname": "users",
      "user": "elayman",
      "database": "elayman",
      "password": null,
      "host": null,
      "port": 5432
    }
  },
  "secret": "S98Nr8sp7kMRzOqvFyfKsU4WyEvamFdC6zJ4EH2av4dD4r1XQ9msH6SFEjYOUHBjl6DkUZLAcwBX5Au7OeM76PoUw6HJXXODWHtb11QPrU3RhwOoauXHo385FtecbHAu"
}
[Mon, 11 Feb 2013 03:02:41 GMT] INFO Creating 1 worker process.
[Mon, 11 Feb 2013 03:02:42 GMT] INFO Server worker running in development on port 4000 with a PID of: 38281
[Mon, 11 Feb 2013 03:02:42 GMT] DEBUG LOGGING STARTED ============================================
[Mon, 11 Feb 2013 03:02:42 GMT] DEBUG ============================================================
[Mon, 11 Feb 2013 03:06:02 GMT] INFO Creating 1 worker process.
[Mon, 11 Feb 2013 03:06:02 GMT] INFO Server worker running in development on port 4000 with a PID of: 38295
[Mon, 11 Feb 2013 03:06:02 GMT] DEBUG LOGGING STARTED ============================================
[Mon, 11 Feb 2013 03:06:02 GMT] DEBUG ============================================================
[Mon, 11 Feb 2013 03:06:12 GMT] INFO Code changed, killing 38295, cycling ...
[Mon, 11 Feb 2013 03:06:12 GMT] INFO Creating 1 worker process.
[Mon, 11 Feb 2013 03:06:12 GMT] INFO Server worker running in development on port 4000 with a PID of: 38297
[Mon, 11 Feb 2013 03:06:12 GMT] DEBUG LOGGING STARTED ============================================
[Mon, 11 Feb 2013 03:06:12 GMT] DEBUG ============================================================
[Mon, 11 Feb 2013 03:06:42 GMT] INFO Code changed, killing 38297, cycling ...
[Mon, 11 Feb 2013 03:06:42 GMT] INFO Creating 1 worker process.
[Mon, 11 Feb 2013 03:06:42 GMT] INFO Server worker running in development on port 4000 with a PID of: 38301
[Mon, 11 Feb 2013 03:06:42 GMT] DEBUG LOGGING STARTED ============================================
[Mon, 11 Feb 2013 03:06:42 GMT] DEBUG ============================================================
[Mon, 11 Feb 2013 03:06:52 GMT] INFO Code changed, killing 38301, cycling ...
[Mon, 11 Feb 2013 03:06:52 GMT] INFO Creating 1 worker process.
[Mon, 11 Feb 2013 03:06:52 GMT] INFO Server worker running in development on port 4000 with a PID of: 38303
[Mon, 11 Feb 2013 03:06:52 GMT] DEBUG LOGGING STARTED ============================================
[Mon, 11 Feb 2013 03:06:52 GMT] DEBUG ============================================================
[Mon, 11 Feb 2013 03:09:02 GMT] INFO Code changed, killing 38303, cycling ...
[Mon, 11 Feb 2013 03:09:02 GMT] INFO Creating 1 worker process.
[Mon, 11 Feb 2013 03:09:02 GMT] INFO Server worker running in development on port 4000 with a PID of: 38310
[Mon, 11 Feb 2013 03:09:02 GMT] DEBUG LOGGING STARTED ============================================
[Mon, 11 Feb 2013 03:09:02 GMT] DEBUG ============================================================
[Mon, 11 Feb 2013 03:09:22 GMT] INFO Code changed, killing 38310, cycling ...
[Mon, 11 Feb 2013 03:09:22 GMT] INFO Creating 1 worker process.
[Mon, 11 Feb 2013 03:09:22 GMT] INFO Server worker running in development on port 4000 with a PID of: 38312
[Mon, 11 Feb 2013 03:09:22 GMT] DEBUG LOGGING STARTED ============================================
[Mon, 11 Feb 2013 03:09:22 GMT] DEBUG ============================================================
[Mon, 11 Feb 2013 03:09:32 GMT] INFO Code changed, killing 38312, cycling ...
[Mon, 11 Feb 2013 03:09:32 GMT] INFO Creating 1 worker process.
[Mon, 11 Feb 2013 03:09:32 GMT] INFO Server worker running in development on port 4000 with a PID of: 38315
[Mon, 11 Feb 2013 03:09:32 GMT] DEBUG LOGGING STARTED ============================================
[Mon, 11 Feb 2013 03:09:32 GMT] DEBUG ============================================================
[Mon, 11 Feb 2013 03:10:42 GMT] INFO Code changed, killing 38315, cycling ...
[Mon, 11 Feb 2013 03:10:42 GMT] INFO Creating 1 worker process.
[Mon, 11 Feb 2013 03:10:42 GMT] INFO Server worker running in development on port 4000 with a PID of: 38319
[Mon, 11 Feb 2013 03:10:42 GMT] DEBUG LOGGING STARTED ============================================
[Mon, 11 Feb 2013 03:10:42 GMT] DEBUG ============================================================
[Mon, 11 Feb 2013 03:14:22 GMT] INFO Code changed, killing 38319, cycling ...
[Mon, 11 Feb 2013 03:14:22 GMT] INFO Creating 1 worker process.
