[Fri, 15 Feb 2013 21:55:53 GMT] INFO Server starting with config: {
  "environment": "development",
  "workers": 1,
  "port": 4000,
  "spdy": null,
  "ssl": null,
  "debug": true,
  "rotateWorkers": false,
  "rotationWindow": 7200000,
  "rotationTimeout": 300000,
  "logDir": "/Users/elayman/Documents/CS169/Geddy-Proj1/proj1/log",
  "gracefulShutdownTimeout": 30000,
  "heartbeatInterval": 5000,
  "heartbeatWindow": 20000,
  "staticFilePath": "/Users/elayman/Documents/CS169/Geddy-Proj1/proj1/public",
  "sessions": {
    "store": "memory",
    "key": "sid",
    "expiry": 1209600
  },
  "cookieSessionKey": "sdata",
  "metrics": null,
  "i18n": {
    "defaultLocale": "en-us",
    "loadPaths": [
      "/Users/elayman/Documents/CS169/Geddy-Proj1/proj1/config/locales"
    ]
  },
  "hostname": "localhost",
  "fullHostname": "http://localhost:4000",
  "connectCompatibility": false,
  "detailedErrors": true,
  "model": {
    "defaultAdapter": "memory"
  },
  "secret": "S98Nr8sp7kMRzOqvFyfKsU4WyEvamFdC6zJ4EH2av4dD4r1XQ9msH6SFEjYOUHBjl6DkUZLAcwBX5Au7OeM76PoUw6HJXXODWHtb11QPrU3RhwOoauXHo385FtecbHAu"
}
[Fri, 15 Feb 2013 21:55:53 GMT] INFO Creating 1 worker process.
[Fri, 15 Feb 2013 21:55:53 GMT] INFO Server worker running in development on port 4000 with a PID of: 65454
[Fri, 15 Feb 2013 21:55:53 GMT] DEBUG LOGGING STARTED ============================================
[Fri, 15 Feb 2013 21:55:53 GMT] DEBUG ============================================================
[Fri, 15 Feb 2013 22:03:19 GMT] INFO Code changed, killing 65454, cycling ...
[Fri, 15 Feb 2013 22:03:19 GMT] INFO Creating 1 worker process.
[Fri, 15 Feb 2013 22:03:19 GMT] INFO Server worker running in development on port 4000 with a PID of: 65594
[Fri, 15 Feb 2013 22:03:19 GMT] DEBUG LOGGING STARTED ============================================
[Fri, 15 Feb 2013 22:03:19 GMT] DEBUG ============================================================
[Fri, 15 Feb 2013 22:03:34 GMT] INFO Code changed, killing 65594, cycling ...
[Fri, 15 Feb 2013 22:03:34 GMT] INFO Creating 1 worker process.
[Fri, 15 Feb 2013 22:03:34 GMT] INFO Server worker running in development on port 4000 with a PID of: 65597
[Fri, 15 Feb 2013 22:03:34 GMT] DEBUG LOGGING STARTED ============================================
[Fri, 15 Feb 2013 22:03:34 GMT] DEBUG ============================================================
[Fri, 15 Feb 2013 22:05:59 GMT] INFO Creating 1 worker process.
[Fri, 15 Feb 2013 22:05:59 GMT] INFO Server worker running in development on port 4000 with a PID of: 65604
[Fri, 15 Feb 2013 22:05:59 GMT] DEBUG LOGGING STARTED ============================================
[Fri, 15 Feb 2013 22:05:59 GMT] DEBUG ============================================================
[Fri, 15 Feb 2013 22:08:04 GMT] INFO Creating 1 worker process.
[Fri, 15 Feb 2013 22:08:04 GMT] INFO Server worker running in development on port 4000 with a PID of: 65615
[Fri, 15 Feb 2013 22:08:04 GMT] DEBUG LOGGING STARTED ============================================
[Fri, 15 Feb 2013 22:08:04 GMT] DEBUG ============================================================
[Fri, 15 Feb 2013 22:10:19 GMT] INFO Code changed, killing 65615, cycling ...
[Fri, 15 Feb 2013 22:10:19 GMT] INFO Creating 1 worker process.
[Fri, 15 Feb 2013 22:10:20 GMT] INFO Server worker running in development on port 4000 with a PID of: 65624
[Fri, 15 Feb 2013 22:10:20 GMT] DEBUG LOGGING STARTED ============================================
[Fri, 15 Feb 2013 22:10:20 GMT] DEBUG ============================================================
